<?xml version="1.0" encoding="UTF-8"?>
<testsuite xmlns:xsi="http://www.w3.org/2001/XMLSchema-instance" xsi:noNamespaceSchemaLocation="https://maven.apache.org/surefire/maven-surefire-plugin/xsd/surefire-test-report-3.0.xsd" version="3.0" name="ejercicio2.Ejercicio2Test" time="0.388" tests="23" errors="0" skipped="0" failures="0">
  <properties>
[...]
</properties>
  <testcase name="testIsDateCorrect(int, int, int, boolean)[1]" classname="ejercicio2.Ejercicio2Test" time="0.112"/>
  <testcase name="testIsDateCorrect(int, int, int, boolean)[2]" classname="ejercicio2.Ejercicio2Test" time="0.002"/>
  <testcase name="testIsDateCorrect(int, int, int, boolean)[3]" classname="ejercicio2.Ejercicio2Test" time="0.002"/>
  <testcase name="testIsDateCorrect(int, int, int, boolean)[4]" classname="ejercicio2.Ejercicio2Test" time="0.001"/>
  <testcase name="testIsDateCorrect(int, int, int, boolean)[5]" classname="ejercicio2.Ejercicio2Test" time="0.001"/>
  <testcase name="testIsDateCorrect(int, int, int, boolean)[6]" classname="ejercicio2.Ejercicio2Test" time="0.002"/>
  <testcase name="testIsDateCorrect(int, int, int, boolean)[7]" classname="ejercicio2.Ejercicio2Test" time="0.002"/>
  <testcase name="testIsDateCorrect(int, int, int, boolean)[8]" classname="ejercicio2.Ejercicio2Test" time="0.002"/>
  <testcase name="testIsDateCorrect(int, int, int, boolean)[9]" classname="ejercicio2.Ejercicio2Test" time="0.001"/>
  <testcase name="testIsDateCorrect(int, int, int, boolean)[10]" classname="ejercicio2.Ejercicio2Test" time="0.001"/>
  <testcase name="testIsDateCorrect(int, int, int, boolean)[11]" classname="ejercicio2.Ejercicio2Test" time="0.001"/>
  <testcase name="testIsDateCorrect(int, int, int, boolean)[12]" classname="ejercicio2.Ejercicio2Test" time="0.001"/>
  <testcase name="testIsDateCorrect(int, int, int, boolean)[13]" classname="ejercicio2.Ejercicio2Test" time="0.002"/>
  <testcase name="testIsDateCorrect(int, int, int, boolean)[14]" classname="ejercicio2.Ejercicio2Test" time="0.002"/>
  <testcase name="testIsDateCorrect(int, int, int, boolean)[15]" classname="ejercicio2.Ejercicio2Test" time="0.001"/>
  <testcase name="testIsDateCorrect(int, int, int, boolean)[16]" classname="ejercicio2.Ejercicio2Test" time="0.002"/>
  <testcase name="testIsDateCorrect(int, int, int, boolean)[17]" classname="ejercicio2.Ejercicio2Test" time="0.001"/>
  <testcase name="testIsDateCorrect(int, int, int, boolean)[18]" classname="ejercicio2.Ejercicio2Test" time="0.002"/>
  <testcase name="testIsDateCorrect(int, int, int, boolean)[19]" classname="ejercicio2.Ejercicio2Test" time="0.002"/>
  <testcase name="testIsDateCorrect(int, int, int, boolean)[20]" classname="ejercicio2.Ejercicio2Test" time="0.002"/>
  <testcase name="testIsDateCorrect(int, int, int, boolean)[21]" classname="ejercicio2.Ejercicio2Test" time="0.001"/>
  <testcase name="testIsDateCorrect(int, int, int, boolean)[22]" classname="ejercicio2.Ejercicio2Test" time="0.002"/>
  <testcase name="testIsDateCorrect(int, int, int, boolean)[23]" classname="ejercicio2.Ejercicio2Test" time="0.001"/>
</testsuite>